0 verbose cli /usr/local/bin/node /usr/local/bin/npm
1 info using npm@10.2.4
2 info using node@v20.11.1
3 timing npm:load:whichnode Completed in 1ms
4 timing config:load:defaults Completed in 2ms
5 timing config:load:file:/usr/local/lib/node_modules/npm/npmrc Completed in 0ms
6 timing config:load:builtin Completed in 0ms
7 timing config:load:cli Completed in 3ms
8 timing config:load:env Completed in 0ms
9 timing config:load:file:/Users/gabriel.marrrero/Library/Caches/typescript/4.8/.npmrc Completed in 0ms
10 timing config:load:project Completed in 1ms
11 timing config:load:file:/Users/gabriel.marrrero/.npmrc Completed in 1ms
12 timing config:load:user Completed in 1ms
13 timing config:load:file:/usr/local/etc/npmrc Completed in 0ms
14 timing config:load:global Completed in 0ms
15 timing config:load:setEnvs Completed in 1ms
16 timing config:load Completed in 8ms
17 timing npm:load:configload Completed in 8ms
18 timing config:load:flatten Completed in 3ms
19 timing npm:load:mkdirpcache Completed in 0ms
20 timing npm:load:mkdirplogs Completed in 0ms
21 verbose title npm install @types/react@ts4.8 @types/babel__core@ts4.8
22 verbose argv "install" "--ignore-scripts" "@types/react@ts4.8" "@types/babel__core@ts4.8" "--save-dev" "--user-agent" "typesInstaller/4.8.4"
23 timing npm:load:setTitle Completed in 20ms
24 timing npm:load:display Completed in 1ms
25 verbose logfile logs-max:10 dir:/Users/gabriel.marrrero/.npm/_logs/2024-02-23T23_33_35_082Z-
26 verbose logfile /Users/gabriel.marrrero/.npm/_logs/2024-02-23T23_33_35_082Z-debug-0.log
27 timing npm:load:logFile Completed in 9ms
28 timing npm:load:timers Completed in 0ms
29 timing npm:load:configScope Completed in 0ms
30 timing npm:load Completed in 53ms
31 timing arborist:ctor Completed in 1ms
32 silly logfile done cleaning log files
33 timing idealTree:init Completed in 10ms
34 timing arborist:ctor Completed in 1ms
35 http fetch GET 200 https://registry.npmjs.org/@types%2fbabel__core 296ms (cache miss)
36 http fetch GET 200 https://registry.npmjs.org/@types%2freact 370ms (cache miss)
37 timing idealTree:userRequests Completed in 377ms
38 silly idealTree buildDeps
39 silly fetch manifest @types/babel__core@7.20.5
40 silly fetch manifest @types/react@18.2.58
41 silly placeDep ROOT @types/babel__core@7.20.5 OK for:  want: 7.20.5
42 silly fetch manifest @babel/parser@^7.20.7
43 silly fetch manifest @babel/types@^7.20.7
44 silly fetch manifest @types/babel__generator@*
45 silly fetch manifest @types/babel__template@*
46 silly fetch manifest @types/babel__traverse@*
47 silly placeDep ROOT @types/react@18.2.58 OK for:  want: 18.2.58
48 silly fetch manifest @types/prop-types@*
49 silly fetch manifest @types/scheduler@*
50 silly fetch manifest csstype@^3.0.2
51 http fetch GET 200 https://registry.npmjs.org/@babel%2fparser 101ms (cache miss)
52 http fetch GET 200 https://registry.npmjs.org/@babel%2ftypes 106ms (cache miss)
53 http fetch GET 200 https://registry.npmjs.org/@types%2fbabel__generator 218ms (cache miss)
54 http fetch GET 200 https://registry.npmjs.org/@types%2fbabel__template 226ms (cache miss)
55 http fetch GET 200 https://registry.npmjs.org/@types%2fscheduler 237ms (cache miss)
56 http fetch GET 200 https://registry.npmjs.org/@types%2fprop-types 243ms (cache miss)
57 http fetch GET 200 https://registry.npmjs.org/csstype 243ms (cache miss)
58 http fetch GET 200 https://registry.npmjs.org/@types%2fbabel__traverse 1019ms (cache miss)
59 timing idealTree:#root Completed in 1030ms
60 silly placeDep ROOT @babel/parser@7.23.9 OK for: @types/babel__core@7.20.5 want: ^7.20.7
61 silly placeDep ROOT @babel/types@7.23.9 OK for: @types/babel__core@7.20.5 want: ^7.20.7
62 silly fetch manifest @babel/helper-string-parser@^7.23.4
63 silly fetch manifest @babel/helper-validator-identifier@^7.22.20
64 silly fetch manifest to-fast-properties@^2.0.0
65 silly placeDep ROOT @types/babel__generator@7.6.8 OK for: @types/babel__core@7.20.5 want: *
66 silly placeDep ROOT @types/babel__template@7.4.4 OK for: @types/babel__core@7.20.5 want: *
67 silly placeDep ROOT @types/babel__traverse@7.20.5 OK for: @types/babel__core@7.20.5 want: *
68 http fetch GET 200 https://registry.npmjs.org/@babel%2fhelper-validator-identifier 77ms (cache miss)
69 http fetch GET 200 https://registry.npmjs.org/@babel%2fhelper-string-parser 87ms (cache miss)
70 http fetch GET 200 https://registry.npmjs.org/to-fast-properties 95ms (cache miss)
71 timing idealTree:node_modules/@types/babel__core Completed in 104ms
72 timing idealTree:node_modules/@babel/parser Completed in 0ms
73 silly placeDep ROOT @babel/helper-string-parser@7.23.4 OK for: @babel/types@7.23.9 want: ^7.23.4
74 silly placeDep ROOT @babel/helper-validator-identifier@7.22.20 OK for: @babel/types@7.23.9 want: ^7.22.20
75 silly placeDep ROOT to-fast-properties@2.0.0 OK for: @babel/types@7.23.9 want: ^2.0.0
76 timing idealTree:node_modules/@babel/types Completed in 4ms
77 timing idealTree:node_modules/@babel/helper-string-parser Completed in 0ms
78 timing idealTree:node_modules/@babel/helper-validator-identifier Completed in 0ms
79 timing idealTree:node_modules/@types/babel__generator Completed in 0ms
80 timing idealTree:node_modules/@types/babel__template Completed in 0ms
81 timing idealTree:node_modules/@types/babel__traverse Completed in 0ms
82 silly placeDep ROOT @types/prop-types@15.7.11 OK for: @types/react@18.2.58 want: *
83 silly placeDep ROOT @types/scheduler@0.16.8 OK for: @types/react@18.2.58 want: *
84 silly placeDep ROOT csstype@3.1.3 OK for: @types/react@18.2.58 want: ^3.0.2
85 timing idealTree:node_modules/@types/react Completed in 4ms
86 timing idealTree:node_modules/@types/prop-types Completed in 0ms
87 timing idealTree:node_modules/@types/scheduler Completed in 0ms
88 timing idealTree:node_modules/csstype Completed in 0ms
89 timing idealTree:node_modules/to-fast-properties Completed in 0ms
90 timing idealTree:buildDeps Completed in 1145ms
91 timing idealTree:fixDepFlags Completed in 0ms
92 timing idealTree Completed in 1533ms
93 timing reify:loadTrees Completed in 1533ms
94 timing reify:diffTrees Completed in 2ms
95 silly reify moves {}
96 timing reify:retireShallow Completed in 0ms
97 timing reify:createSparse Completed in 1ms
98 timing reify:loadBundles Completed in 0ms
99 silly audit bulk request {
99 silly audit   'types-registry': [ '0.1.684' ],
99 silly audit   '@types/babel__core': [ '7.20.5' ],
99 silly audit   '@types/react': [ '18.2.58' ],
99 silly audit   '@babel/parser': [ '7.23.9' ],
99 silly audit   '@babel/types': [ '7.23.9' ],
99 silly audit   '@types/babel__generator': [ '7.6.8' ],
99 silly audit   '@types/babel__template': [ '7.4.4' ],
99 silly audit   '@types/babel__traverse': [ '7.20.5' ],
99 silly audit   '@babel/helper-string-parser': [ '7.23.4' ],
99 silly audit   '@babel/helper-validator-identifier': [ '7.22.20' ],
99 silly audit   'to-fast-properties': [ '2.0.0' ],
99 silly audit   '@types/prop-types': [ '15.7.11' ],
99 silly audit   '@types/scheduler': [ '0.16.8' ],
99 silly audit   csstype: [ '3.1.3' ]
99 silly audit }
100 silly tarball no local data for csstype@https://registry.npmjs.org/csstype/-/csstype-3.1.3.tgz. Extracting by manifest.
101 silly tarball no local data for @types/scheduler@https://registry.npmjs.org/@types/scheduler/-/scheduler-0.16.8.tgz. Extracting by manifest.
102 silly tarball no local data for @babel/helper-validator-identifier@https://registry.npmjs.org/@babel/helper-validator-identifier/-/helper-validator-identifier-7.22.20.tgz. Extracting by manifest.
103 silly tarball no local data for @types/prop-types@https://registry.npmjs.org/@types/prop-types/-/prop-types-15.7.11.tgz. Extracting by manifest.
104 silly tarball no local data for @babel/helper-string-parser@https://registry.npmjs.org/@babel/helper-string-parser/-/helper-string-parser-7.23.4.tgz. Extracting by manifest.
105 silly tarball no local data for @types/babel__traverse@https://registry.npmjs.org/@types/babel__traverse/-/babel__traverse-7.20.5.tgz. Extracting by manifest.
106 silly tarball no local data for to-fast-properties@https://registry.npmjs.org/to-fast-properties/-/to-fast-properties-2.0.0.tgz. Extracting by manifest.
107 silly tarball no local data for @types/babel__template@https://registry.npmjs.org/@types/babel__template/-/babel__template-7.4.4.tgz. Extracting by manifest.
108 silly tarball no local data for @types/babel__generator@https://registry.npmjs.org/@types/babel__generator/-/babel__generator-7.6.8.tgz. Extracting by manifest.
109 silly tarball no local data for @types/babel__core@https://registry.npmjs.org/@types/babel__core/-/babel__core-7.20.5.tgz. Extracting by manifest.
110 silly tarball no local data for @babel/parser@https://registry.npmjs.org/@babel/parser/-/parser-7.23.9.tgz. Extracting by manifest.
111 silly tarball no local data for @types/react@https://registry.npmjs.org/@types/react/-/react-18.2.58.tgz. Extracting by manifest.
112 silly tarball no local data for @babel/types@https://registry.npmjs.org/@babel/types/-/types-7.23.9.tgz. Extracting by manifest.
113 http fetch GET 200 https://registry.npmjs.org/@types/scheduler/-/scheduler-0.16.8.tgz 128ms (cache miss)
114 timing reifyNode:node_modules/@types/scheduler Completed in 139ms
115 http fetch GET 200 https://registry.npmjs.org/@babel/helper-string-parser/-/helper-string-parser-7.23.4.tgz 127ms (cache miss)
116 timing reifyNode:node_modules/@babel/helper-string-parser Completed in 140ms
117 http fetch GET 200 https://registry.npmjs.org/@types/babel__traverse/-/babel__traverse-7.20.5.tgz 128ms (cache miss)
118 timing reifyNode:node_modules/@types/babel__traverse Completed in 140ms
119 http fetch GET 200 https://registry.npmjs.org/to-fast-properties/-/to-fast-properties-2.0.0.tgz 127ms (cache miss)
120 timing reifyNode:node_modules/to-fast-properties Completed in 140ms
121 http fetch GET 200 https://registry.npmjs.org/@types/prop-types/-/prop-types-15.7.11.tgz 129ms (cache miss)
122 timing reifyNode:node_modules/@types/prop-types Completed in 141ms
123 http fetch GET 200 https://registry.npmjs.org/@babel/helper-validator-identifier/-/helper-validator-identifier-7.22.20.tgz 135ms (cache miss)
124 timing reifyNode:node_modules/@babel/helper-validator-identifier Completed in 146ms
125 http fetch GET 200 https://registry.npmjs.org/csstype/-/csstype-3.1.3.tgz 161ms (cache miss)
126 timing reifyNode:node_modules/csstype Completed in 171ms
127 http fetch POST 200 https://registry.npmjs.org/-/npm/v1/security/advisories/bulk 175ms
128 timing auditReport:getReport Completed in 177ms
129 silly audit report {}
130 timing auditReport:init Completed in 0ms
131 timing reify:audit Completed in 177ms
132 http fetch GET 200 https://registry.npmjs.org/@types/babel__generator/-/babel__generator-7.6.8.tgz 239ms (cache miss)
133 timing reifyNode:node_modules/@types/babel__generator Completed in 253ms
134 http fetch GET 200 https://registry.npmjs.org/@types/babel__template/-/babel__template-7.4.4.tgz 239ms (cache miss)
135 timing reifyNode:node_modules/@types/babel__template Completed in 253ms
136 http fetch GET 200 https://registry.npmjs.org/@types/react/-/react-18.2.58.tgz 255ms (cache miss)
137 timing reifyNode:node_modules/@types/react Completed in 274ms
138 http fetch GET 200 https://registry.npmjs.org/@babel/parser/-/parser-7.23.9.tgz 341ms (cache miss)
139 timing reifyNode:node_modules/@babel/parser Completed in 359ms
140 http fetch GET 200 https://registry.npmjs.org/@babel/types/-/types-7.23.9.tgz 412ms (cache miss)
141 timing reifyNode:node_modules/@babel/types Completed in 431ms
142 http fetch GET 200 https://registry.npmjs.org/@types/babel__core/-/babel__core-7.20.5.tgz 601ms (cache miss)
143 timing reifyNode:node_modules/@types/babel__core Completed in 618ms
144 timing reify:unpack Completed in 619ms
145 timing reify:unretire Completed in 1ms
146 timing build:queue Completed in 1ms
147 timing build:link:node_modules/@babel/parser Completed in 2ms
148 timing build:link Completed in 2ms
149 timing build:deps Completed in 3ms
150 timing build Completed in 3ms
151 timing reify:build Completed in 3ms
152 timing reify:trash Completed in 0ms
153 timing reify:save Completed in 9ms
154 timing reify Completed in 2186ms
155 silly ADD node_modules/csstype
156 silly ADD node_modules/@types/scheduler
157 silly ADD node_modules/@types/prop-types
158 silly ADD node_modules/to-fast-properties
159 silly ADD node_modules/@babel/helper-validator-identifier
160 silly ADD node_modules/@babel/helper-string-parser
161 silly ADD node_modules/@types/babel__traverse
162 silly ADD node_modules/@types/babel__template
163 silly ADD node_modules/@types/babel__generator
164 silly ADD node_modules/@babel/types
165 silly ADD node_modules/@babel/parser
166 silly ADD node_modules/@types/react
167 silly ADD node_modules/@types/babel__core
168 timing command:install Completed in 2191ms
169 verbose exit 0
170 timing npm Completed in 2397ms
171 info ok
