0 verbose cli /usr/local/bin/node /usr/local/bin/npm
1 info using npm@10.2.4
2 info using node@v20.11.1
3 timing npm:load:whichnode Completed in 1ms
4 timing config:load:defaults Completed in 2ms
5 timing config:load:file:/usr/local/lib/node_modules/npm/npmrc Completed in 0ms
6 timing config:load:builtin Completed in 0ms
7 timing config:load:cli Completed in 3ms
8 timing config:load:env Completed in 0ms
9 timing config:load:file:/Users/gabriel.marrrero/Library/Caches/typescript/4.8/.npmrc Completed in 0ms
10 timing config:load:project Completed in 1ms
11 timing config:load:file:/Users/gabriel.marrrero/.npmrc Completed in 0ms
12 timing config:load:user Completed in 0ms
13 timing config:load:file:/usr/local/etc/npmrc Completed in 0ms
14 timing config:load:global Completed in 1ms
15 timing config:load:setEnvs Completed in 0ms
16 timing config:load Completed in 7ms
17 timing npm:load:configload Completed in 7ms
18 timing config:load:flatten Completed in 3ms
19 timing npm:load:mkdirpcache Completed in 0ms
20 timing npm:load:mkdirplogs Completed in 0ms
21 verbose title npm install @types/react@ts4.8 @types/babel__core@ts4.8
22 verbose argv "install" "--ignore-scripts" "@types/react@ts4.8" "@types/babel__core@ts4.8" "--save-dev" "--user-agent" "typesInstaller/4.8.4"
23 timing npm:load:setTitle Completed in 20ms
24 timing npm:load:display Completed in 1ms
25 verbose logfile logs-max:10 dir:/Users/gabriel.marrrero/.npm/_logs/2024-02-24T04_10_13_416Z-
26 verbose logfile /Users/gabriel.marrrero/.npm/_logs/2024-02-24T04_10_13_416Z-debug-0.log
27 timing npm:load:logFile Completed in 8ms
28 timing npm:load:timers Completed in 0ms
29 timing npm:load:configScope Completed in 0ms
30 timing npm:load Completed in 52ms
31 timing arborist:ctor Completed in 1ms
32 silly logfile done cleaning log files
33 timing idealTree:init Completed in 20ms
34 timing arborist:ctor Completed in 0ms
35 http fetch GET 200 https://registry.npmjs.org/@types%2fbabel__core 726ms (cache revalidated)
36 http fetch GET 200 https://registry.npmjs.org/@types%2freact 729ms (cache revalidated)
37 timing idealTree:userRequests Completed in 736ms
38 silly idealTree buildDeps
39 silly fetch manifest @types/babel__core@7.20.5
40 silly fetch manifest @types/react@18.2.58
41 silly placeDep ROOT @types/babel__core@7.20.5 REPLACE for:  want: 7.20.5
42 silly placeDep ROOT @types/react@18.2.58 REPLACE for:  want: 18.2.58
43 timing idealTree:#root Completed in 10ms
44 timing idealTree:node_modules/@types/babel__core Completed in 0ms
45 timing idealTree:node_modules/@types/react Completed in 1ms
46 timing idealTree:buildDeps Completed in 11ms
47 timing idealTree:fixDepFlags Completed in 0ms
48 timing idealTree Completed in 768ms
49 timing reify:loadTrees Completed in 769ms
50 timing reify:diffTrees Completed in 2ms
51 silly reify moves {}
52 timing reify:retireShallow Completed in 1ms
53 timing reify:createSparse Completed in 0ms
54 timing reify:loadBundles Completed in 0ms
55 silly audit bulk request {
55 silly audit   '@babel/helper-string-parser': [ '7.23.4' ],
55 silly audit   '@babel/helper-validator-identifier': [ '7.22.20' ],
55 silly audit   '@babel/parser': [ '7.23.9' ],
55 silly audit   '@babel/types': [ '7.23.9' ],
55 silly audit   '@types/babel__generator': [ '7.6.8' ],
55 silly audit   '@types/babel__template': [ '7.4.4' ],
55 silly audit   '@types/babel__traverse': [ '7.20.5' ],
55 silly audit   '@types/prop-types': [ '15.7.11' ],
55 silly audit   '@types/scheduler': [ '0.16.8' ],
55 silly audit   csstype: [ '3.1.3' ],
55 silly audit   'to-fast-properties': [ '2.0.0' ],
55 silly audit   'types-registry': [ '0.1.684' ],
55 silly audit   '@types/babel__core': [ '7.20.5' ],
55 silly audit   '@types/react': [ '18.2.58' ]
55 silly audit }
56 timing reify:unpack Completed in 0ms
57 timing reify:unretire Completed in 0ms
58 timing build:queue Completed in 0ms
59 timing build:deps Completed in 0ms
60 timing build Completed in 1ms
61 timing reify:build Completed in 1ms
62 timing reify:trash Completed in 0ms
63 timing reify:save Completed in 10ms
64 http fetch POST 200 https://registry.npmjs.org/-/npm/v1/security/advisories/bulk 1316ms
65 timing auditReport:getReport Completed in 1319ms
66 silly audit report {}
67 timing auditReport:init Completed in 0ms
68 timing reify:audit Completed in 1319ms
69 timing reify Completed in 2103ms
70 timing command:install Completed in 2108ms
71 verbose exit 0
72 timing npm Completed in 2311ms
73 info ok
