0 verbose cli /usr/local/bin/node /usr/local/bin/npm
1 info using npm@10.2.4
2 info using node@v20.11.1
3 timing npm:load:whichnode Completed in 3ms
4 timing config:load:defaults Completed in 1ms
5 timing config:load:file:/usr/local/lib/node_modules/npm/npmrc Completed in 1ms
6 timing config:load:builtin Completed in 1ms
7 timing config:load:cli Completed in 2ms
8 timing config:load:env Completed in 0ms
9 timing config:load:file:/Users/gabriel.marrrero/Library/Caches/typescript/4.8/.npmrc Completed in 0ms
10 timing config:load:project Completed in 1ms
11 timing config:load:file:/Users/gabriel.marrrero/.npmrc Completed in 0ms
12 timing config:load:user Completed in 0ms
13 timing config:load:file:/usr/local/etc/npmrc Completed in 0ms
14 timing config:load:global Completed in 0ms
15 timing config:load:setEnvs Completed in 0ms
16 timing config:load Completed in 6ms
17 timing npm:load:configload Completed in 6ms
18 timing config:load:flatten Completed in 2ms
19 timing npm:load:mkdirpcache Completed in 1ms
20 timing npm:load:mkdirplogs Completed in 1ms
21 verbose title npm install types-registry@latest
22 verbose argv "install" "--ignore-scripts" "types-registry@latest"
23 timing npm:load:setTitle Completed in 20ms
24 timing npm:load:display Completed in 0ms
25 verbose logfile logs-max:10 dir:/Users/gabriel.marrrero/.npm/_logs/2024-02-24T04_10_11_306Z-
26 verbose logfile /Users/gabriel.marrrero/.npm/_logs/2024-02-24T04_10_11_306Z-debug-0.log
27 timing npm:load:logFile Completed in 10ms
28 timing npm:load:timers Completed in 0ms
29 timing npm:load:configScope Completed in 0ms
30 timing npm:load Completed in 60ms
31 timing arborist:ctor Completed in 1ms
32 silly logfile done cleaning log files
33 timing idealTree:init Completed in 22ms
34 timing arborist:ctor Completed in 0ms
35 http fetch GET 200 https://registry.npmjs.org/types-registry 910ms (cache revalidated)
36 timing idealTree:userRequests Completed in 917ms
37 silly idealTree buildDeps
38 silly fetch manifest types-registry@0.1.684
39 silly placeDep ROOT types-registry@0.1.684 REPLACE for:  want: 0.1.684
40 timing idealTree:#root Completed in 6ms
41 timing idealTree:node_modules/types-registry Completed in 0ms
42 timing idealTree:buildDeps Completed in 7ms
43 timing idealTree:fixDepFlags Completed in 0ms
44 timing idealTree Completed in 948ms
45 timing reify:loadTrees Completed in 948ms
46 timing reify:diffTrees Completed in 2ms
47 silly reify moves {}
48 timing reify:retireShallow Completed in 2ms
49 timing reify:createSparse Completed in 0ms
50 timing reify:loadBundles Completed in 0ms
51 silly audit bulk request {
51 silly audit   '@babel/helper-string-parser': [ '7.23.4' ],
51 silly audit   '@babel/helper-validator-identifier': [ '7.22.20' ],
51 silly audit   '@babel/parser': [ '7.23.9' ],
51 silly audit   '@babel/types': [ '7.23.9' ],
51 silly audit   '@types/babel__core': [ '7.20.5' ],
51 silly audit   '@types/babel__generator': [ '7.6.8' ],
51 silly audit   '@types/babel__template': [ '7.4.4' ],
51 silly audit   '@types/babel__traverse': [ '7.20.5' ],
51 silly audit   '@types/prop-types': [ '15.7.11' ],
51 silly audit   '@types/react': [ '18.2.58' ],
51 silly audit   '@types/scheduler': [ '0.16.8' ],
51 silly audit   csstype: [ '3.1.3' ],
51 silly audit   'to-fast-properties': [ '2.0.0' ],
51 silly audit   'types-registry': [ '0.1.684' ]
51 silly audit }
52 timing reify:unpack Completed in 0ms
53 timing reify:unretire Completed in 0ms
54 timing build:queue Completed in 0ms
55 timing build:deps Completed in 0ms
56 timing build Completed in 0ms
57 timing reify:build Completed in 0ms
58 timing reify:trash Completed in 0ms
59 timing reify:save Completed in 11ms
60 http fetch POST 200 https://registry.npmjs.org/-/npm/v1/security/advisories/bulk 470ms
61 timing auditReport:getReport Completed in 473ms
62 silly audit report {}
63 timing auditReport:init Completed in 0ms
64 timing reify:audit Completed in 473ms
65 timing reify Completed in 1457ms
66 timing command:install Completed in 1462ms
67 verbose exit 0
68 timing npm Completed in 1770ms
69 info ok
