0 verbose cli /usr/local/bin/node /usr/local/bin/npm
1 info using npm@10.2.4
2 info using node@v20.11.1
3 timing npm:load:whichnode Completed in 0ms
4 timing config:load:defaults Completed in 1ms
5 timing config:load:file:/usr/local/lib/node_modules/npm/npmrc Completed in 0ms
6 timing config:load:builtin Completed in 0ms
7 timing config:load:cli Completed in 2ms
8 timing config:load:env Completed in 0ms
9 timing config:load:file:/Users/gabriel.marrrero/Library/Caches/typescript/4.8/.npmrc Completed in 0ms
10 timing config:load:project Completed in 0ms
11 timing config:load:file:/Users/gabriel.marrrero/.npmrc Completed in 0ms
12 timing config:load:user Completed in 0ms
13 timing config:load:file:/usr/local/etc/npmrc Completed in 0ms
14 timing config:load:global Completed in 0ms
15 timing config:load:setEnvs Completed in 0ms
16 timing config:load Completed in 5ms
17 timing npm:load:configload Completed in 5ms
18 timing config:load:flatten Completed in 2ms
19 timing npm:load:mkdirpcache Completed in 0ms
20 timing npm:load:mkdirplogs Completed in 1ms
21 verbose title npm install @types/react@ts4.8 @types/babel__core@ts4.8
22 verbose argv "install" "--ignore-scripts" "@types/react@ts4.8" "@types/babel__core@ts4.8" "--save-dev" "--user-agent" "typesInstaller/4.8.4"
23 timing npm:load:setTitle Completed in 16ms
24 timing npm:load:display Completed in 0ms
25 verbose logfile logs-max:10 dir:/Users/gabriel.marrrero/.npm/_logs/2024-02-24T09_55_47_039Z-
26 verbose logfile /Users/gabriel.marrrero/.npm/_logs/2024-02-24T09_55_47_039Z-debug-0.log
27 timing npm:load:logFile Completed in 7ms
28 timing npm:load:timers Completed in 0ms
29 timing npm:load:configScope Completed in 0ms
30 timing npm:load Completed in 41ms
31 timing arborist:ctor Completed in 0ms
32 silly logfile start cleaning logs, removing 1 files
33 silly logfile done cleaning log files
34 timing idealTree:init Completed in 15ms
35 timing arborist:ctor Completed in 0ms
36 http fetch GET 200 https://registry.npmjs.org/@types%2fbabel__core 695ms (cache revalidated)
37 http fetch GET 200 https://registry.npmjs.org/@types%2freact 1500ms (cache revalidated)
38 timing idealTree:userRequests Completed in 1505ms
39 silly idealTree buildDeps
40 silly fetch manifest @types/babel__core@7.20.5
41 silly fetch manifest @types/react@18.2.58
42 silly placeDep ROOT @types/babel__core@7.20.5 REPLACE for:  want: 7.20.5
43 silly placeDep ROOT @types/react@18.2.58 REPLACE for:  want: 18.2.58
44 timing idealTree:#root Completed in 8ms
45 timing idealTree:node_modules/@types/babel__core Completed in 0ms
46 timing idealTree:node_modules/@types/react Completed in 0ms
47 timing idealTree:buildDeps Completed in 10ms
48 timing idealTree:fixDepFlags Completed in 1ms
49 timing idealTree Completed in 1533ms
50 timing reify:loadTrees Completed in 1533ms
51 timing reify:diffTrees Completed in 2ms
52 silly reify moves {}
53 timing reify:retireShallow Completed in 1ms
54 timing reify:createSparse Completed in 0ms
55 timing reify:loadBundles Completed in 0ms
56 silly audit bulk request {
56 silly audit   '@babel/helper-string-parser': [ '7.23.4' ],
56 silly audit   '@babel/helper-validator-identifier': [ '7.22.20' ],
56 silly audit   '@babel/parser': [ '7.23.9' ],
56 silly audit   '@babel/types': [ '7.23.9' ],
56 silly audit   '@types/babel__generator': [ '7.6.8' ],
56 silly audit   '@types/babel__template': [ '7.4.4' ],
56 silly audit   '@types/babel__traverse': [ '7.20.5' ],
56 silly audit   '@types/prop-types': [ '15.7.11' ],
56 silly audit   '@types/scheduler': [ '0.16.8' ],
56 silly audit   csstype: [ '3.1.3' ],
56 silly audit   'to-fast-properties': [ '2.0.0' ],
56 silly audit   'types-registry': [ '0.1.684' ],
56 silly audit   '@types/babel__core': [ '7.20.5' ],
56 silly audit   '@types/react': [ '18.2.58' ]
56 silly audit }
57 timing reify:unpack Completed in 1ms
58 timing reify:unretire Completed in 0ms
59 timing build:queue Completed in 0ms
60 timing build:deps Completed in 1ms
61 timing build Completed in 1ms
62 timing reify:build Completed in 1ms
63 timing reify:trash Completed in 0ms
64 timing reify:save Completed in 9ms
65 http fetch POST 200 https://registry.npmjs.org/-/npm/v1/security/advisories/bulk 1313ms
66 timing auditReport:getReport Completed in 1316ms
67 silly audit report {}
68 timing auditReport:init Completed in 0ms
69 timing reify:audit Completed in 1316ms
70 timing reify Completed in 2863ms
71 timing command:install Completed in 2868ms
72 verbose exit 0
73 timing npm Completed in 3033ms
74 info ok
